222604.394589	{"result": "ok", "objects": [{"box": [743, 599, 1068, 1096], "score": 0.7134291529655457, "class": "chair", "num": 1}], "elapsed": 8.261402368545532, "filename": "/dev/shm/sxvrs/Fasad_834_222604.394589.obj.found"}
222605.563671	{"result": "ok", "objects": [{"box": [751, 597, 1069, 1104], "score": 0.7981263399124146, "class": "chair", "num": 1}], "elapsed": 0.36966705322265625, "filename": "/dev/shm/sxvrs/Fasad_840_222605.563671.obj.found"}
222606.131085	{"result": "ok", "objects": [{"box": [739, 595, 1070, 1098], "score": 0.8321440815925598, "class": "chair", "num": 1}], "elapsed": 0.31487464904785156, "filename": "/dev/shm/sxvrs/Fasad_843_222606.131085.obj.found"}
222606.844044	{"result": "ok", "objects": [{"box": [733, 606, 1080, 1088], "score": 0.8263640403747559, "class": "chair", "num": 1}], "elapsed": 0.29045724868774414, "filename": "/dev/shm/sxvrs/Fasad_846_222606.844044.obj.found"}
222607.373773	{"result": "ok", "objects": [{"box": [743, 606, 1073, 1089], "score": 0.7422617673873901, "class": "chair", "num": 1}], "elapsed": 0.3323352336883545, "filename": "/dev/shm/sxvrs/Fasad_849_222607.373773.obj.found"}
222607.966606	{"result": "ok", "objects": [{"box": [725, 608, 1076, 1093], "score": 0.7415302991867065, "class": "chair", "num": 1}], "elapsed": 0.2962024211883545, "filename": "/dev/shm/sxvrs/Fasad_852_222607.966606.obj.found"}
222608.550100	{"result": "ok", "objects": [{"box": [729, 607, 1071, 1104], "score": 0.6263617277145386, "class": "chair", "num": 1}], "elapsed": 0.28207874298095703, "filename": "/dev/shm/sxvrs/Fasad_855_222608.550100.obj.found"}
222609.139954	{"result": "ok", "objects": [{"box": [728, 604, 1074, 1088], "score": 0.5376273989677429, "class": "chair", "num": 1}], "elapsed": 0.2933804988861084, "filename": "/dev/shm/sxvrs/Fasad_858_222609.139954.obj.found"}
222610.406482	{"result": "ok", "objects": [{"box": [742, 572, 1067, 1112], "score": 0.4393433630466461, "class": "mouse", "num": 1}], "elapsed": 0.3209664821624756, "filename": "/dev/shm/sxvrs/Fasad_864_222610.406482.obj.found"}
222611.558981	{"result": "ok", "objects": [{"box": [0, 0, 1035, 666], "score": 0.41014599800109863, "class": "person", "num": 1}], "elapsed": 0.30738139152526855, "filename": "/dev/shm/sxvrs/Fasad_870_222611.558981.obj.found"}
222611.987457	{"result": "ok", "objects": [{"box": [0, 18, 1061, 745], "score": 0.7636652588844299, "class": "person", "num": 2}, {"box": [165, 832, 1077, 1855], "score": 0.3137897849082947, "class": "bench", "num": 2}], "elapsed": 0.29259634017944336, "filename": "/dev/shm/sxvrs/Fasad_872_222611.987457.obj.found"}
222612.562742	{"result": "ok", "objects": [{"box": [736, 590, 1064, 1114], "score": 0.45023491978645325, "class": "mouse", "num": 3}, {"box": [0, 0, 1056, 695], "score": 0.3800913691520691, "class": "person", "num": 3}, {"box": [230, 875, 1064, 1810], "score": 0.319669634103775, "class": "bench", "num": 3}], "elapsed": 0.29782533645629883, "filename": "/dev/shm/sxvrs/Fasad_875_222612.562742.obj.found"}
222612.798451	{"result": "ok", "objects": [{"box": [723, 598, 1051, 1086], "score": 0.8770264387130737, "class": "mouse", "num": 3}, {"box": [0, 11, 1056, 759], "score": 0.41895437240600586, "class": "person", "num": 3}, {"box": [157, 817, 1076, 1814], "score": 0.30686113238334656, "class": "bench", "num": 3}], "elapsed": 0.3220973014831543, "filename": "/dev/shm/sxvrs/Fasad_876_222612.798451.obj.found"}
222615.146325	{"result": "ok", "objects": [{"box": [732, 577, 1040, 1068], "score": 0.8921510577201843, "class": "mouse", "num": 1}], "elapsed": 0.29083681106567383, "filename": "/dev/shm/sxvrs/Fasad_888_222615.146325.obj.found"}
222613.970946	{"result": "ok", "objects": [{"box": [727, 605, 1068, 1080], "score": 0.42731931805610657, "class": "chair", "num": 1}], "elapsed": 0.3676309585571289, "filename": "/dev/shm/sxvrs/Fasad_882_222613.970946.obj.found"}
222615.799306	{"result": "ok", "objects": [{"box": [298, 1713, 526, 1789], "score": 0.6054669618606567, "class": "tennis racket", "num": 1}], "elapsed": 0.28532958030700684, "filename": "/dev/shm/sxvrs/Fasad_891_222615.799306.obj.found"}
222617.562901	{"result": "ok", "objects": [{"box": [29, 23, 1029, 546], "score": 0.47195112705230713, "class": "person", "num": 2}, {"box": [728, 591, 1066, 1090], "score": 0.3631456792354584, "class": "chair", "num": 2}], "elapsed": 0.3153266906738281, "filename": "/dev/shm/sxvrs/Fasad_900_222617.562901.obj.found"}
222618.825086	{"result": "ok", "objects": [{"box": [730, 596, 1073, 1079], "score": 0.5860591530799866, "class": "chair", "num": 1}], "elapsed": 0.2983715534210205, "filename": "/dev/shm/sxvrs/Fasad_906_222618.825086.obj.found"}
222619.989156	{"result": "ok", "objects": [{"box": [733, 597, 1066, 1099], "score": 0.7330338954925537, "class": "chair", "num": 1}], "elapsed": 0.3405728340148926, "filename": "/dev/shm/sxvrs/Fasad_912_222619.989156.obj.found"}
222620.564344	{"result": "ok", "objects": [{"box": [737, 591, 1061, 1094], "score": 0.7257817983627319, "class": "chair", "num": 2}, {"box": [0, 2, 1061, 470], "score": 0.66885906457901, "class": "person", "num": 2}], "elapsed": 0.30922484397888184, "filename": "/dev/shm/sxvrs/Fasad_915_222620.564344.obj.found"}
